<?xml version="1.0" encoding="Windows-1251"?>
<!DOCTYPE TestConfig SYSTEM "TestSet.dtd">
<TestConfig>
	<URL>url:rlcp://ove:ove@127.0.0.1:2005</URL>
	<RLCPRequest>
		<Request>
			<Conditions>
				<ConditionForChecking id="1" Time="5">
					<Input>
						<!-- 0 0 0 0 0 0 0 0 0 0 -->
					</Input>
					<Output>
						<!-- 0 1 2 3 4 5 6 7 8 9 -->
					</Output>
				</ConditionForChecking>

				<ConditionForChecking id="2" Time="5">
					<Input>
						<!-- 0 0 0 0 0 0 0 0 0 0 -->
					</Input>
					<Output>
						<!-- 0 0 0 0 0 0 0 0 0 0 -->
					</Output>
				</ConditionForChecking>
			</Conditions>
			<Instructions>
				<!-- 
&lt;?xml version=&quot;1.0&quot; encoding=&quot;Windows&amp;minus;1251&quot;?&gt;
&lt;ProgramEnvironment&gt;
&lt;Variable input=&quot;false&quot; output=&quot;false&quot; inner=&quot;true&quot;&gt;
&lt;Name&gt;&lt;!&amp;minus;&amp;minus;i&amp;minus;&amp;minus;&gt;&lt;/Name&gt;
&lt;Type&gt;&lt;!&amp;minus;&amp;minus;0&amp;minus;&amp;minus;&gt;&lt;/Type&gt;
&lt;Value&gt;&lt;!&amp;minus;&amp;minus;0&amp;minus;&amp;minus;&gt;&lt;/Value&gt;
&lt;/Variable&gt;
&lt;Variable input=&quot;true&quot; output=&quot;false&quot; inner=&quot;false&quot;&gt;
&lt;Name&gt;&lt;!&amp;minus;&amp;minus;in&amp;minus;&amp;minus;&gt;&lt;/Name&gt;
&lt;Type&gt;&lt;!&amp;minus;&amp;minus;3&amp;minus;&amp;minus;&gt;&lt;/Type&gt;
&lt;Value N=&quot;0&quot;&gt;&lt;!&amp;minus;&amp;minus;127&amp;minus;&amp;minus;&gt;&lt;/Value&gt;
&lt;Value N=&quot;1&quot;&gt;&lt;!&amp;minus;&amp;minus;99&amp;minus;&amp;minus;&gt;&lt;/Value&gt;
&lt;Value N=&quot;2&quot;&gt;&lt;!&amp;minus;&amp;minus;136&amp;minus;&amp;minus;&gt;&lt;/Value&gt;
&lt;Value N=&quot;3&quot;&gt;&lt;!&amp;minus;&amp;minus;2&amp;minus;&amp;minus;&gt;&lt;/Value&gt;
&lt;Value N=&quot;4&quot;&gt;&lt;!&amp;minus;&amp;minus;173&amp;minus;&amp;minus;&gt;&lt;/Value&gt;
&lt;Value N=&quot;5&quot;&gt;&lt;!&amp;minus;&amp;minus;192&amp;minus;&amp;minus;&gt;&lt;/Value&gt;
&lt;Value N=&quot;6&quot;&gt;&lt;!&amp;minus;&amp;minus;4&amp;minus;&amp;minus;&gt;&lt;/Value&gt;
&lt;Value N=&quot;7&quot;&gt;&lt;!&amp;minus;&amp;minus;129&amp;minus;&amp;minus;&gt;&lt;/Value&gt;
&lt;Value N=&quot;8&quot;&gt;&lt;!&amp;minus;&amp;minus;48&amp;minus;&amp;minus;&gt;&lt;/Value&gt;
&lt;Value N=&quot;9&quot;&gt;&lt;!&amp;minus;&amp;minus;168&amp;minus;&amp;minus;&gt;&lt;/Value&gt;
&lt;/Variable&gt;
&lt;Variable input=&quot;false&quot; output=&quot;true&quot; inner=&quot;false&quot;&gt;
&lt;Name&gt;&lt;!&amp;minus;&amp;minus;out&amp;minus;&amp;minus;&gt;&lt;/Name&gt;
&lt;Type&gt;&lt;!&amp;minus;&amp;minus;3&amp;minus;&amp;minus;&gt;&lt;/Type&gt;
&lt;Value N=&quot;0&quot;&gt;&lt;!&amp;minus;&amp;minus;0&amp;minus;&amp;minus;&gt;&lt;/Value&gt;
&lt;Value N=&quot;1&quot;&gt;&lt;!&amp;minus;&amp;minus;1&amp;minus;&amp;minus;&gt;&lt;/Value&gt;
&lt;Value N=&quot;2&quot;&gt;&lt;!&amp;minus;&amp;minus;2&amp;minus;&amp;minus;&gt;&lt;/Value&gt;
&lt;Value N=&quot;3&quot;&gt;&lt;!&amp;minus;&amp;minus;3&amp;minus;&amp;minus;&gt;&lt;/Value&gt;
&lt;Value N=&quot;4&quot;&gt;&lt;!&amp;minus;&amp;minus;4&amp;minus;&amp;minus;&gt;&lt;/Value&gt;
&lt;Value N=&quot;5&quot;&gt;&lt;!&amp;minus;&amp;minus;5&amp;minus;&amp;minus;&gt;&lt;/Value&gt;
&lt;Value N=&quot;6&quot;&gt;&lt;!&amp;minus;&amp;minus;6&amp;minus;&amp;minus;&gt;&lt;/Value&gt;
&lt;Value N=&quot;7&quot;&gt;&lt;!&amp;minus;&amp;minus;7&amp;minus;&amp;minus;&gt;&lt;/Value&gt;
&lt;Value N=&quot;8&quot;&gt;&lt;!&amp;minus;&amp;minus;8&amp;minus;&amp;minus;&gt;&lt;/Value&gt;
&lt;Value N=&quot;9&quot;&gt;&lt;!&amp;minus;&amp;minus;9&amp;minus;&amp;minus;&gt;&lt;/Value&gt;
&lt;/Variable&gt;
&lt;Code style=&quot;basicStyle&quot;&gt;&lt;!&amp;minus;&amp;minus;while i &amp;lt; 10&amp;lt;br/&amp;gt;    out[i] = i&amp;lt;br/&amp;gt;    i = i + 1&amp;lt;br/&amp;gt;wend&amp;minus;&amp;minus;&gt;&lt;/Code&gt;
&lt;/ProgramEnvironment&gt;
 -->
			</Instructions>
		</Request>
	</RLCPRequest>
</TestConfig>
